Arguments: 
  /usr/bin/node /usr/share/yarn/bin/yarn.js add nodemon -D

PATH: 
  /home/nick/.rvm/gems/ruby-2.6.1/bin:/home/nick/.rvm/gems/ruby-2.6.1@global/bin:/home/nick/.rvm/rubies/ruby-2.6.1/bin:/usr/local/sbin:/usr/local/bin:/usr/sbin:/usr/bin:/sbin:/bin:/usr/games:/usr/local/games:/snap/bin:/snap/bin:/home/nick/.rvm/bin:/home/nick/.rvm/bin

Yarn version: 
  1.22.5

Node version: 
  20.5.1

Platform: 
  linux x64

Trace: 
  Error: getaddrinfo EAI_AGAIN registry.yarnpkg.com
      at GetAddrInfoReqWrap.onlookupall [as oncomplete] (node:dns:118:26)

npm manifest: 
  {
    "name": "hw01-node",
    "version": "1.0.0",
    "description": "",
    "main": "index.js",
    "scripts": {
      "test": "echo \"Error: no test specified\" && exit 1"
    },
    "keywords": [],
    "author": "“nicksolony@gmail.com”",
    "license": "ISC"
  }

yarn manifest: 
  No manifest

Lockfile: 
  # THIS IS AN AUTOGENERATED FILE. DO NOT EDIT THIS FILE DIRECTLY.
  # yarn lockfile v1
